<?xml version="1.0" ?>
<!DOCTYPE coverage SYSTEM "http://cobertura.sourceforge.net/xml/coverage-04.dtd">
<coverage lines-valid="109" lines-covered="87" line-rate="0.7981" branches-valid="57" branches-covered="34" branch-rate="0.5964" timestamp="1779374119392" complexity="0" version="0.1">
  <sources>
    <source>/home/whitefox/Documents/EPSI/blindtest</source>
  </sources>
  <packages>
    <package name="components" line-rate="0.5769" branch-rate="0.2857">
      <classes>
        <class name="Timer.jsx" filename="src/components/Timer.jsx" line-rate="0.5769" branch-rate="0.2857">
          <methods>
            <method name="Timer" hits="5" signature="()V">
              <lines>
                <line number="5" hits="5"/>
              </lines>
            </method>
            <method name="(anonymous_1)" hits="5" signature="()V">
              <lines>
                <line number="11" hits="5"/>
              </lines>
            </method>
            <method name="tick" hits="0" signature="()V">
              <lines>
                <line number="18" hits="0"/>
              </lines>
            </method>
            <method name="(anonymous_3)" hits="0" signature="()V">
              <lines>
                <line number="33" hits="0"/>
              </lines>
            </method>
            <method name="(anonymous_4)" hits="0" signature="()V">
              <lines>
                <line number="60" hits="0"/>
              </lines>
            </method>
          </methods>
          <lines>
            <line number="3" hits="1" branch="false"/>
            <line number="6" hits="5" branch="false"/>
            <line number="7" hits="5" branch="false"/>
            <line number="8" hits="5" branch="false"/>
            <line number="9" hits="5" branch="false"/>
            <line number="11" hits="5" branch="false"/>
            <line number="12" hits="5" branch="false"/>
            <line number="13" hits="5" branch="false"/>
            <line number="14" hits="5" branch="false"/>
            <line number="16" hits="5" branch="true" condition-coverage="50% (1/2)"/>
            <line number="19" hits="0" branch="true" condition-coverage="0% (0/2)"/>
            <line number="20" hits="0" branch="false"/>
            <line number="21" hits="0" branch="false"/>
            <line number="22" hits="0" branch="true" condition-coverage="0% (0/2)"/>
            <line number="23" hits="0" branch="true" condition-coverage="0% (0/2)"/>
            <line number="24" hits="0" branch="false"/>
            <line number="25" hits="0" branch="false"/>
            <line number="27" hits="0" branch="false"/>
            <line number="29" hits="0" branch="false"/>
            <line number="32" hits="0" branch="false"/>
            <line number="33" hits="0" branch="false"/>
            <line number="36" hits="5" branch="false"/>
            <line number="37" hits="5" branch="false"/>
            <line number="38" hits="5" branch="false"/>
            <line number="40" hits="5" branch="false"/>
            <line number="60" hits="1" branch="false"/>
          </lines>
        </class>
      </classes>
    </package>
    <package name="hooks" line-rate="0.9743" branch-rate="0.9411">
      <classes>
        <class name="useQuiz.js" filename="src/hooks/useQuiz.js" line-rate="0.9743" branch-rate="0.9411">
          <methods>
            <method name="speedBonus" hits="5" signature="()V">
              <lines>
                <line number="8" hits="5"/>
              </lines>
            </method>
            <method name="reducer" hits="29" signature="()V">
              <lines>
                <line number="24" hits="29"/>
              </lines>
            </method>
            <method name="useQuiz" hits="31" signature="()V">
              <lines>
                <line number="69" hits="31"/>
              </lines>
            </method>
            <method name="(anonymous_3)" hits="10" signature="()V">
              <lines>
                <line number="72" hits="10"/>
              </lines>
            </method>
            <method name="(anonymous_4)" hits="6" signature="()V">
              <lines>
                <line number="82" hits="6"/>
              </lines>
            </method>
            <method name="(anonymous_5)" hits="2" signature="()V">
              <lines>
                <line number="86" hits="2"/>
              </lines>
            </method>
            <method name="(anonymous_6)" hits="1" signature="()V">
              <lines>
                <line number="90" hits="1"/>
              </lines>
            </method>
          </methods>
          <lines>
            <line number="4" hits="1" branch="false"/>
            <line number="5" hits="1" branch="false"/>
            <line number="6" hits="1" branch="false"/>
            <line number="9" hits="5" branch="false"/>
            <line number="10" hits="5" branch="false"/>
            <line number="13" hits="1" branch="false"/>
            <line number="25" hits="29" branch="true" condition-coverage="85.71428571428571% (6/7)"/>
            <line number="27" hits="10" branch="false"/>
            <line number="35" hits="9" branch="false"/>
            <line number="38" hits="1" branch="false"/>
            <line number="41" hits="6" branch="false"/>
            <line number="42" hits="6" branch="true" condition-coverage="100% (2/2)"/>
            <line number="43" hits="6" branch="false"/>
            <line number="44" hits="6" branch="false"/>
            <line number="45" hits="6" branch="false"/>
            <line number="46" hits="6" branch="true" condition-coverage="100% (2/2)"/>
            <line number="47" hits="2" branch="false"/>
            <line number="49" hits="4" branch="false"/>
            <line number="53" hits="2" branch="false"/>
            <line number="54" hits="2" branch="false"/>
            <line number="55" hits="2" branch="true" condition-coverage="100% (2/2)"/>
            <line number="56" hits="1" branch="false"/>
            <line number="58" hits="1" branch="false"/>
            <line number="62" hits="1" branch="false"/>
            <line number="65" hits="0" branch="false"/>
            <line number="70" hits="31" branch="false"/>
            <line number="72" hits="31" branch="false"/>
            <line number="73" hits="10" branch="false"/>
            <line number="74" hits="10" branch="false"/>
            <line number="75" hits="10" branch="false"/>
            <line number="76" hits="9" branch="false"/>
            <line number="78" hits="1" branch="false"/>
            <line number="82" hits="31" branch="false"/>
            <line number="83" hits="6" branch="false"/>
            <line number="86" hits="31" branch="false"/>
            <line number="87" hits="2" branch="false"/>
            <line number="90" hits="31" branch="false"/>
            <line number="91" hits="1" branch="false"/>
            <line number="94" hits="31" branch="false"/>
          </lines>
        </class>
      </classes>
    </package>
    <package name="services" line-rate="0.7726999999999999" branch-rate="0.5384">
      <classes>
        <class name="deezer.js" filename="src/services/deezer.js" line-rate="0.7726999999999999" branch-rate="0.5384">
          <methods>
            <method name="isGoodTrack" hits="79" signature="()V">
              <lines>
                <line number="16" hits="79"/>
              </lines>
            </method>
            <method name="fetchTracks" hits="8" signature="()V">
              <lines>
                <line number="20" hits="8"/>
              </lines>
            </method>
            <method name="(anonymous_2)" hits="0" signature="()V">
              <lines>
                <line number="24" hits="0"/>
              </lines>
            </method>
            <method name="shuffle" hits="57" signature="()V">
              <lines>
                <line number="45" hits="57"/>
              </lines>
            </method>
            <method name="buildQuizRounds" hits="8" signature="()V">
              <lines>
                <line number="54" hits="8"/>
              </lines>
            </method>
            <method name="(anonymous_5)" hits="76" signature="()V">
              <lines>
                <line number="60" hits="76"/>
              </lines>
            </method>
            <method name="(anonymous_6)" hits="26" signature="()V">
              <lines>
                <line number="69" hits="26"/>
              </lines>
            </method>
            <method name="(anonymous_7)" hits="386" signature="()V">
              <lines>
                <line number="70" hits="386"/>
              </lines>
            </method>
            <method name="(anonymous_8)" hits="0" signature="()V">
              <lines>
                <line number="73" hits="0"/>
              </lines>
            </method>
          </methods>
          <lines>
            <line number="1" hits="2" branch="false"/>
            <line number="2" hits="2" branch="false"/>
            <line number="5" hits="2" branch="false"/>
            <line number="14" hits="2" branch="false"/>
            <line number="17" hits="79" branch="false"/>
            <line number="21" hits="8" branch="true" condition-coverage="50% (1/2)"/>
            <line number="23" hits="0" branch="false"/>
            <line number="24" hits="0" branch="false"/>
            <line number="25" hits="0" branch="false"/>
            <line number="26" hits="0" branch="false"/>
            <line number="27" hits="0" branch="false"/>
            <line number="28" hits="0" branch="true" condition-coverage="0% (0/2)"/>
            <line number="29" hits="0" branch="false"/>
            <line number="30" hits="0" branch="true" condition-coverage="0% (0/2)"/>
            <line number="33" hits="8" branch="false"/>
            <line number="34" hits="8" branch="true" condition-coverage="100% (2/2)"/>
            <line number="36" hits="7" branch="false"/>
            <line number="37" hits="7" branch="false"/>
            <line number="38" hits="7" branch="false"/>
            <line number="39" hits="7" branch="true" condition-coverage="100% (2/2)"/>
            <line number="40" hits="6" branch="false"/>
            <line number="41" hits="6" branch="true" condition-coverage="25% (1/4)"/>
            <line number="42" hits="6" branch="true" condition-coverage="50% (1/2)"/>
            <line number="46" hits="57" branch="false"/>
            <line number="47" hits="57" branch="false"/>
            <line number="48" hits="483" branch="false"/>
            <line number="49" hits="483" branch="false"/>
            <line number="51" hits="57" branch="false"/>
            <line number="55" hits="8" branch="false"/>
            <line number="56" hits="6" branch="true" condition-coverage="100% (2/2)"/>
            <line number="59" hits="5" branch="false"/>
            <line number="60" hits="5" branch="false"/>
            <line number="61" hits="76" branch="true" condition-coverage="50% (1/2)"/>
            <line number="62" hits="76" branch="false"/>
            <line number="63" hits="76" branch="false"/>
            <line number="66" hits="5" branch="true" condition-coverage="50% (1/2)"/>
            <line number="67" hits="8" branch="false"/>
            <line number="69" hits="8" branch="false"/>
            <line number="70" hits="386" branch="false"/>
            <line number="71" hits="26" branch="false"/>
            <line number="72" hits="26" branch="true" condition-coverage="50% (1/2)"/>
            <line number="73" hits="0" branch="false"/>
            <line number="74" hits="0" branch="false"/>
            <line number="76" hits="26" branch="false"/>
          </lines>
        </class>
      </classes>
    </package>
  </packages>
</coverage>
