TN:
SF:src/components/Timer.jsx
FN:5,Timer
FN:11,(anonymous_1)
FN:18,tick
FN:33,(anonymous_3)
FN:60,(anonymous_4)
FNF:5
FNH:2
FNDA:5,Timer
FNDA:5,(anonymous_1)
FNDA:0,tick
FNDA:0,(anonymous_3)
FNDA:0,(anonymous_4)
DA:3,1
DA:6,5
DA:7,5
DA:8,5
DA:9,5
DA:11,5
DA:12,5
DA:13,5
DA:14,5
DA:16,5
DA:19,0
DA:20,0
DA:21,0
DA:22,0
DA:23,0
DA:24,0
DA:25,0
DA:27,0
DA:29,0
DA:32,0
DA:33,0
DA:36,5
DA:37,5
DA:38,5
DA:40,5
DA:60,1
LF:26
LH:15
BRDA:16,0,0,5
BRDA:16,0,1,0
BRDA:19,1,0,0
BRDA:19,1,1,0
BRDA:22,2,0,0
BRDA:22,2,1,0
BRDA:23,3,0,0
BRDA:23,3,1,0
BRDA:44,4,0,0
BRDA:44,4,1,5
BRDA:51,5,0,0
BRDA:51,5,1,5
BRDA:51,6,0,0
BRDA:51,6,1,5
BRF:14
BRH:4
end_of_record
TN:
SF:src/hooks/useQuiz.js
FN:8,speedBonus
FN:24,reducer
FN:69,useQuiz
FN:72,(anonymous_3)
FN:82,(anonymous_4)
FN:86,(anonymous_5)
FN:90,(anonymous_6)
FNF:7
FNH:7
FNDA:5,speedBonus
FNDA:29,reducer
FNDA:31,useQuiz
FNDA:10,(anonymous_3)
FNDA:6,(anonymous_4)
FNDA:2,(anonymous_5)
FNDA:1,(anonymous_6)
DA:4,1
DA:5,1
DA:6,1
DA:9,5
DA:10,5
DA:13,1
DA:25,29
DA:27,10
DA:35,9
DA:38,1
DA:41,6
DA:42,6
DA:43,6
DA:44,6
DA:45,6
DA:46,6
DA:47,2
DA:49,4
DA:53,2
DA:54,2
DA:55,2
DA:56,1
DA:58,1
DA:62,1
DA:65,0
DA:70,31
DA:72,31
DA:73,10
DA:74,10
DA:75,10
DA:76,9
DA:78,1
DA:82,31
DA:83,6
DA:86,31
DA:87,2
DA:90,31
DA:91,1
DA:94,31
LF:39
LH:38
BRDA:25,0,0,10
BRDA:25,0,1,9
BRDA:25,0,2,1
BRDA:25,0,3,6
BRDA:25,0,4,2
BRDA:25,0,5,1
BRDA:25,0,6,0
BRDA:42,1,0,5
BRDA:42,1,1,1
BRDA:46,2,0,2
BRDA:46,2,1,4
BRDA:55,3,0,1
BRDA:55,3,1,1
BRDA:96,4,0,31
BRDA:96,4,1,14
BRDA:97,5,0,31
BRDA:97,5,1,14
BRF:17
BRH:16
end_of_record
TN:
SF:src/services/deezer.js
FN:16,isGoodTrack
FN:20,fetchTracks
FN:24,(anonymous_2)
FN:45,shuffle
FN:54,buildQuizRounds
FN:60,(anonymous_5)
FN:69,(anonymous_6)
FN:70,(anonymous_7)
FN:73,(anonymous_8)
FNF:9
FNH:7
FNDA:79,isGoodTrack
FNDA:8,fetchTracks
FNDA:0,(anonymous_2)
FNDA:57,shuffle
FNDA:8,buildQuizRounds
FNDA:76,(anonymous_5)
FNDA:26,(anonymous_6)
FNDA:386,(anonymous_7)
FNDA:0,(anonymous_8)
DA:1,2
DA:2,2
DA:5,2
DA:14,2
DA:17,79
DA:21,8
DA:23,0
DA:24,0
DA:25,0
DA:26,0
DA:27,0
DA:28,0
DA:29,0
DA:30,0
DA:33,8
DA:34,8
DA:36,7
DA:37,7
DA:38,7
DA:39,7
DA:40,6
DA:41,6
DA:42,6
DA:46,57
DA:47,57
DA:48,483
DA:49,483
DA:51,57
DA:55,8
DA:56,6
DA:59,5
DA:60,5
DA:61,76
DA:62,76
DA:63,76
DA:66,5
DA:67,8
DA:69,8
DA:70,386
DA:71,26
DA:72,26
DA:73,0
DA:74,0
DA:76,26
LF:44
LH:34
BRDA:20,0,0,8
BRDA:21,1,0,0
BRDA:21,1,1,8
BRDA:28,2,0,0
BRDA:28,2,1,0
BRDA:30,3,0,0
BRDA:30,3,1,0
BRDA:34,4,0,1
BRDA:34,4,1,7
BRDA:39,5,0,1
BRDA:39,5,1,6
BRDA:41,6,0,0
BRDA:41,6,1,6
BRDA:41,7,0,0
BRDA:41,7,1,0
BRDA:42,8,0,6
BRDA:42,8,1,0
BRDA:54,9,0,8
BRDA:56,10,0,1
BRDA:56,10,1,5
BRDA:61,11,0,0
BRDA:61,11,1,76
BRDA:66,12,0,5
BRDA:66,12,1,0
BRDA:72,13,0,0
BRDA:72,13,1,26
BRF:26
BRH:14
end_of_record
